<?xml version="1.0" encoding="UTF-8"?>
<testng-results ignored="0" total="1" passed="1" failed="0" skipped="0">
  <reporter-output>
  </reporter-output>
  <suite started-at="2024-03-20T11:21:20 IST" name="Default suite" finished-at="2024-03-20T11:21:21 IST" duration-ms="774">
    <groups>
    </groups>
    <test started-at="2024-03-20T11:21:20 IST" name="Default test" finished-at="2024-03-20T11:21:21 IST" duration-ms="774">
      <class name="com.test.DockerStatusTest.Apollo2_liveweb_Docker">
        <test-method signature="Live_Web_Status()[pri:1, instance:com.test.DockerStatusTest.Apollo2_liveweb_Docker@7fee8714]" started-at="2024-03-20T11:21:20 IST" name="Live_Web_Status" finished-at="2024-03-20T11:21:21 IST" duration-ms="752" status="PASS">
          <reporter-output>
          </reporter-output>
        </test-method> <!-- Live_Web_Status -->
      </class> <!-- com.test.DockerStatusTest.Apollo2_liveweb_Docker -->
    </test> <!-- Default test -->
  </suite> <!-- Default suite -->
</testng-results>
