<?xml version="1.0" encoding="UTF-8"?>
<testng-results ignored="0" total="1" passed="1" failed="0" skipped="0">
  <reporter-output>
  </reporter-output>
  <suite started-at="2024-04-03T14:57:00 IST" name="Default suite" finished-at="2024-04-03T14:57:02 IST" duration-ms="1870">
    <groups>
    </groups>
    <test started-at="2024-04-03T14:57:00 IST" name="Default test" finished-at="2024-04-03T14:57:02 IST" duration-ms="1870">
      <class name="com.test.DockerStatusTest.Docker_Storage">
        <test-method signature="testStorageDetails()[pri:0, instance:com.test.DockerStatusTest.Docker_Storage@7fee8714]" started-at="2024-04-03T14:57:00 IST" name="testStorageDetails" finished-at="2024-04-03T14:57:02 IST" duration-ms="1848" status="PASS">
          <reporter-output>
          </reporter-output>
        </test-method> <!-- testStorageDetails -->
      </class> <!-- com.test.DockerStatusTest.Docker_Storage -->
    </test> <!-- Default test -->
  </suite> <!-- Default suite -->
</testng-results>
